<?xml version="1.0" encoding="UTF-8"?>
<coverage generated="1608242955986" clover="3.2.0">
  <project timestamp="1608242955986" name="All files">
    <metrics statements="17" coveredstatements="17" conditionals="9" coveredconditionals="8" methods="5" coveredmethods="5" elements="31" coveredelements="30" complexity="0" loc="17" ncloc="17" packages="1" files="1" classes="1"/>
    <file name="hash-table.js" path="/Users/juliaseidman/Documents/Code/Epicodus/CS/HashTables/src/hash-table.js">
      <metrics statements="17" coveredstatements="17" conditionals="9" coveredconditionals="8" methods="5" coveredmethods="5"/>
      <line num="3" count="8" type="stmt"/>
      <line num="7" count="10" type="stmt"/>
      <line num="11" count="4" type="stmt"/>
      <line num="12" count="4" type="cond" truecount="2" falsecount="0"/>
      <line num="13" count="3" type="stmt"/>
      <line num="15" count="4" type="stmt"/>
      <line num="19" count="4" type="stmt"/>
      <line num="20" count="4" type="stmt"/>
      <line num="21" count="4" type="cond" truecount="2" falsecount="0"/>
      <line num="22" count="2" type="stmt"/>
      <line num="23" count="2" type="cond" truecount="1" falsecount="1"/>
      <line num="24" count="2" type="cond" truecount="2" falsecount="0"/>
      <line num="25" count="1" type="stmt"/>
      <line num="26" count="1" type="stmt"/>
      <line num="28" count="1" type="stmt"/>
      <line num="32" count="2" type="stmt"/>
      <line num="36" count="2" type="stmt"/>
    </file>
  </project>
</coverage>
