{"/Users/juliaseidman/Documents/Code/Epicodus/CS/HashTables/src/hash-table.js": {"path":"/Users/juliaseidman/Documents/Code/Epicodus/CS/HashTables/src/hash-table.js","statementMap":{"0":{"start":{"line":3,"column":4},"end":{"line":3,"column":20}},"1":{"start":{"line":7,"column":4},"end":{"line":7,"column":56}},"2":{"start":{"line":11,"column":18},"end":{"line":11,"column":32}},"3":{"start":{"line":12,"column":4},"end":{"line":14,"column":5}},"4":{"start":{"line":13,"column":6},"end":{"line":13,"column":28}},"5":{"start":{"line":15,"column":4},"end":{"line":15,"column":41}},"6":{"start":{"line":19,"column":20},"end":{"line":19,"column":34}},"7":{"start":{"line":20,"column":19},"end":{"line":20,"column":38}},"8":{"start":{"line":21,"column":4},"end":{"line":31,"column":5}},"9":{"start":{"line":22,"column":6},"end":{"line":30,"column":7}},"10":{"start":{"line":22,"column":19},"end":{"line":22,"column":20}},"11":{"start":{"line":23,"column":8},"end":{"line":29,"column":9}},"12":{"start":{"line":24,"column":10},"end":{"line":27,"column":11}},"13":{"start":{"line":25,"column":20},"end":{"line":25,"column":39}},"14":{"start":{"line":26,"column":12},"end":{"line":26,"column":42}},"15":{"start":{"line":28,"column":10},"end":{"line":28,"column":30}},"16":{"start":{"line":32,"column":4},"end":{"line":32,"column":16}},"17":{"start":{"line":36,"column":4},"end":{"line":36,"column":31}}},"fnMap":{"0":{"name":"(anonymous_0)","decl":{"start":{"line":2,"column":2},"end":{"line":2,"column":3}},"loc":{"start":{"line":2,"column":16},"end":{"line":4,"column":3}},"line":2},"1":{"name":"(anonymous_1)","decl":{"start":{"line":6,"column":2},"end":{"line":6,"column":3}},"loc":{"start":{"line":6,"column":12},"end":{"line":8,"column":3}},"line":6},"2":{"name":"(anonymous_2)","decl":{"start":{"line":10,"column":2},"end":{"line":10,"column":3}},"loc":{"start":{"line":10,"column":18},"end":{"line":16,"column":3}},"line":10},"3":{"name":"(anonymous_3)","decl":{"start":{"line":18,"column":2},"end":{"line":18,"column":3}},"loc":{"start":{"line":18,"column":27},"end":{"line":33,"column":3}},"line":18},"4":{"name":"(anonymous_4)","decl":{"start":{"line":35,"column":2},"end":{"line":35,"column":3}},"loc":{"start":{"line":35,"column":14},"end":{"line":37,"column":3}},"line":35}},"branchMap":{"0":{"loc":{"start":{"line":12,"column":4},"end":{"line":14,"column":5}},"type":"if","locations":[{"start":{"line":12,"column":4},"end":{"line":14,"column":5}},{"start":{"line":12,"column":4},"end":{"line":14,"column":5}}],"line":12},"1":{"loc":{"start":{"line":18,"column":11},"end":{"line":18,"column":25}},"type":"default-arg","locations":[{"start":{"line":18,"column":20},"end":{"line":18,"column":25}}],"line":18},"2":{"loc":{"start":{"line":21,"column":4},"end":{"line":31,"column":5}},"type":"if","locations":[{"start":{"line":21,"column":4},"end":{"line":31,"column":5}},{"start":{"line":21,"column":4},"end":{"line":31,"column":5}}],"line":21},"3":{"loc":{"start":{"line":23,"column":8},"end":{"line":29,"column":9}},"type":"if","locations":[{"start":{"line":23,"column":8},"end":{"line":29,"column":9}},{"start":{"line":23,"column":8},"end":{"line":29,"column":9}}],"line":23},"4":{"loc":{"start":{"line":24,"column":10},"end":{"line":27,"column":11}},"type":"if","locations":[{"start":{"line":24,"column":10},"end":{"line":27,"column":11}},{"start":{"line":24,"column":10},"end":{"line":27,"column":11}}],"line":24}},"s":{"0":8,"1":10,"2":4,"3":4,"4":3,"5":4,"6":4,"7":4,"8":4,"9":2,"10":2,"11":2,"12":2,"13":1,"14":1,"15":1,"16":2,"17":2},"f":{"0":8,"1":10,"2":4,"3":4,"4":2},"b":{"0":[3,1],"1":[2],"2":[2,2],"3":[2,0],"4":[1,1]},"_coverageSchema":"43e27e138ebf9cfc5966b082cf9a028302ed4184","hash":"390d5a08ecf83a2e4bff63169bddaafac1effd93"}
}
