TN:
SF:/Users/juliaseidman/Documents/Code/Epicodus/CS/HashTables/src/hash-table.js
FN:2,(anonymous_0)
FN:6,(anonymous_1)
FN:10,(anonymous_2)
FN:18,(anonymous_3)
FN:35,(anonymous_4)
FNF:5
FNH:5
FNDA:8,(anonymous_0)
FNDA:10,(anonymous_1)
FNDA:4,(anonymous_2)
FNDA:4,(anonymous_3)
FNDA:2,(anonymous_4)
DA:3,8
DA:7,10
DA:11,4
DA:12,4
DA:13,3
DA:15,4
DA:19,4
DA:20,4
DA:21,4
DA:22,2
DA:23,2
DA:24,2
DA:25,1
DA:26,1
DA:28,1
DA:32,2
DA:36,2
LF:17
LH:17
BRDA:12,0,0,3
BRDA:12,0,1,1
BRDA:18,1,0,2
BRDA:21,2,0,2
BRDA:21,2,1,2
BRDA:23,3,0,2
BRDA:23,3,1,0
BRDA:24,4,0,1
BRDA:24,4,1,1
BRF:9
BRH:8
end_of_record
